<?xml version="1.0" encoding="UTF-8" ?>
<testsuites>
  <testsuite errors="1" failures="0" hostname="girish-b" id="0" name="Filter" package="org.junit.runner.manipulation" tests="1" time="0.045" timestamp="2016-04-04T09:37:22">
      <properties />

      <testcase classname="org.junit.runner.manipulation.Filter" name="initializationError" time="0.045">
          <error message="No tests found matching grails test target pattern filter from org.junit.runner.Request$1@9a0d05b" type="java.lang.Exception">java.lang.Exception: No tests found matching grails test target pattern filter from org.junit.runner.Request$1@9a0d05b
</error>

      </testcase>

      <system-out><![CDATA[--Output from initializationError--
]]></system-out>

      <system-err><![CDATA[--Output from initializationError--
]]></system-err>

  </testsuite>
</testsuites>
